This file contains any messages produced by compilers while
running configure, to aid debugging if configure makes a mistake.

It was created by Logstalgia configure 1.0.5, which was
generated by GNU Autoconf 2.69.  Invocation command line was

  $ ./configure 

## --------- ##
## Platform. ##
## --------- ##

hostname = Mint
uname -m = x86_64
uname -r = 3.11.0-19-generic
uname -s = Linux
uname -v = #33-Ubuntu SMP Tue Mar 11 18:48:34 UTC 2014

/usr/bin/uname -p = unknown
/bin/uname -X     = unknown

/bin/arch              = unknown
/usr/bin/arch -k       = unknown
/usr/convex/getsysinfo = unknown
/usr/bin/hostinfo      = unknown
/bin/machine           = unknown
/usr/bin/oslevel       = unknown
/bin/universe          = unknown

PATH: /home/lieanu/tools/scitools/bin/linux64
PATH: /home/lieanu/tools/pwntools/bin
PATH: /home/lieanu/files/gopath/bin
PATH: /home/lieanu/files/go/bin
PATH: /home/lieanu/bugHunter/tools_fuzzing/kint/build/bin
PATH: /home/lieanu/tools/scitools/bin/linux64
PATH: /home/lieanu/tools/pwntools/bin
PATH: /home/lieanu/files/gopath/bin
PATH: /home/lieanu/files/go/bin
PATH: /home/lieanu/bugHunter/tools_fuzzing/kint/build/bin
PATH: /usr/local/sbin
PATH: /usr/local/bin
PATH: /usr/sbin
PATH: /usr/bin
PATH: /sbin
PATH: /bin
PATH: /usr/games
PATH: /usr/local/games


## ----------- ##
## Core tests. ##
## ----------- ##

configure:2524: checking for a BSD-compatible install
configure:2592: result: /usr/bin/install -c
configure:2603: checking whether build environment is sane
configure:2640: result: yes
configure:2702: checking for gawk
configure:2718: found /usr/bin/gawk
configure:2729: result: gawk
configure:2740: checking whether make sets $(MAKE)
configure:2762: result: yes
configure:2945: checking build system type
configure:2959: result: x86_64-unknown-linux-gnu
configure:2979: checking host system type
configure:2992: result: x86_64-unknown-linux-gnu
configure:3072: checking for g++
configure:3088: found /usr/bin/g++
configure:3099: result: g++
configure:3126: checking for C++ compiler version
configure:3135: g++ --version >&5
g++ (Ubuntu/Linaro 4.8.1-10ubuntu9) 4.8.1
Copyright (C) 2013 Free Software Foundation, Inc.
This is free software; see the source for copying conditions.  There is NO
warranty; not even for MERCHANTABILITY or FITNESS FOR A PARTICULAR PURPOSE.

configure:3146: $? = 0
configure:3135: g++ -v >&5
Using built-in specs.
COLLECT_GCC=g++
COLLECT_LTO_WRAPPER=/usr/lib/gcc/x86_64-linux-gnu/4.8/lto-wrapper
Target: x86_64-linux-gnu
Configured with: ../src/configure -v --with-pkgversion='Ubuntu/Linaro 4.8.1-10ubuntu9' --with-bugurl=file:///usr/share/doc/gcc-4.8/README.Bugs --enable-languages=c,c++,java,go,d,fortran,objc,obj-c++ --prefix=/usr --program-suffix=-4.8 --enable-shared --enable-linker-build-id --libexecdir=/usr/lib --without-included-gettext --enable-threads=posix --with-gxx-include-dir=/usr/include/c++/4.8 --libdir=/usr/lib --enable-nls --with-sysroot=/ --enable-clocale=gnu --enable-libstdcxx-debug --enable-libstdcxx-time=yes --enable-gnu-unique-object --enable-plugin --with-system-zlib --disable-browser-plugin --enable-java-awt=gtk --enable-gtk-cairo --with-java-home=/usr/lib/jvm/java-1.5.0-gcj-4.8-amd64/jre --enable-java-home --with-jvm-root-dir=/usr/lib/jvm/java-1.5.0-gcj-4.8-amd64 --with-jvm-jar-dir=/usr/lib/jvm-exports/java-1.5.0-gcj-4.8-amd64 --with-arch-directory=amd64 --with-ecj-jar=/usr/share/java/eclipse-ecj.jar --enable-objc-gc --enable-multiarch --disable-werror --with-arch-32=i686 --with-abi=m64 --with-multilib-list=m32,m64,mx32 --with-tune=generic --enable-checking=release --build=x86_64-linux-gnu --host=x86_64-linux-gnu --target=x86_64-linux-gnu
Thread model: posix
gcc version 4.8.1 (Ubuntu/Linaro 4.8.1-10ubuntu9) 
configure:3146: $? = 0
configure:3135: g++ -V >&5
g++: error: unrecognized command line option '-V'
g++: fatal error: no input files
compilation terminated.
configure:3146: $? = 4
configure:3135: g++ -qversion >&5
g++: error: unrecognized command line option '-qversion'
g++: fatal error: no input files
compilation terminated.
configure:3146: $? = 4
configure:3166: checking whether the C++ compiler works
configure:3188: g++    conftest.cpp  >&5
configure:3192: $? = 0
configure:3240: result: yes
configure:3243: checking for C++ compiler default output file name
configure:3245: result: a.out
configure:3251: checking for suffix of executables
configure:3258: g++ -o conftest    conftest.cpp  >&5
configure:3262: $? = 0
configure:3284: result: 
configure:3306: checking whether we are cross compiling
configure:3314: g++ -o conftest    conftest.cpp  >&5
configure:3318: $? = 0
configure:3325: ./conftest
configure:3329: $? = 0
configure:3344: result: no
configure:3349: checking for suffix of object files
configure:3371: g++ -c   conftest.cpp >&5
configure:3375: $? = 0
configure:3396: result: o
configure:3400: checking whether we are using the GNU C++ compiler
configure:3419: g++ -c   conftest.cpp >&5
configure:3419: $? = 0
configure:3428: result: yes
configure:3437: checking whether g++ accepts -g
configure:3457: g++ -c -g  conftest.cpp >&5
configure:3457: $? = 0
configure:3498: result: yes
configure:3532: checking for style of include used by make
configure:3560: result: GNU
configure:3588: checking dependency style of g++
configure:3678: result: gcc3
configure:3720: checking how to run the C++ preprocessor
configure:3747: g++ -E  conftest.cpp
configure:3747: $? = 0
configure:3761: g++ -E  conftest.cpp
conftest.cpp:11:28: fatal error: ac_nonexistent.h: No such file or directory
 #include <ac_nonexistent.h>
                            ^
compilation terminated.
configure:3761: $? = 1
configure: failed program was:
| /* confdefs.h */
| #define PACKAGE_NAME "Logstalgia"
| #define PACKAGE_TARNAME "logstalgia"
| #define PACKAGE_VERSION "1.0.5"
| #define PACKAGE_STRING "Logstalgia 1.0.5"
| #define PACKAGE_BUGREPORT "acaudwell@gmail.com"
| #define PACKAGE_URL ""
| #define PACKAGE "logstalgia"
| #define VERSION "1.0.5"
| /* end confdefs.h.  */
| #include <ac_nonexistent.h>
configure:3786: result: g++ -E
configure:3806: g++ -E  conftest.cpp
configure:3806: $? = 0
configure:3820: g++ -E  conftest.cpp
conftest.cpp:11:28: fatal error: ac_nonexistent.h: No such file or directory
 #include <ac_nonexistent.h>
                            ^
compilation terminated.
configure:3820: $? = 1
configure: failed program was:
| /* confdefs.h */
| #define PACKAGE_NAME "Logstalgia"
| #define PACKAGE_TARNAME "logstalgia"
| #define PACKAGE_VERSION "1.0.5"
| #define PACKAGE_STRING "Logstalgia 1.0.5"
| #define PACKAGE_BUGREPORT "acaudwell@gmail.com"
| #define PACKAGE_URL ""
| #define PACKAGE "logstalgia"
| #define VERSION "1.0.5"
| /* end confdefs.h.  */
| #include <ac_nonexistent.h>
configure:3849: checking for X
configure:3957: g++ -E  conftest.cpp
configure:3957: $? = 0
configure:3988: g++ -o conftest -g -O2   conftest.cpp -lX11  >&5
configure:3988: $? = 0
configure:4038: result: libraries , headers 
configure:4042: checking for a sed that does not truncate output
configure:4106: result: /bin/sed
configure:4159: checking for gcc
configure:4175: found /usr/bin/gcc
configure:4186: result: gcc
configure:4415: checking for C compiler version
configure:4424: gcc --version >&5
gcc (Ubuntu/Linaro 4.8.1-10ubuntu9) 4.8.1
Copyright (C) 2013 Free Software Foundation, Inc.
This is free software; see the source for copying conditions.  There is NO
warranty; not even for MERCHANTABILITY or FITNESS FOR A PARTICULAR PURPOSE.

configure:4435: $? = 0
configure:4424: gcc -v >&5
Using built-in specs.
COLLECT_GCC=gcc
COLLECT_LTO_WRAPPER=/usr/lib/gcc/x86_64-linux-gnu/4.8/lto-wrapper
Target: x86_64-linux-gnu
Configured with: ../src/configure -v --with-pkgversion='Ubuntu/Linaro 4.8.1-10ubuntu9' --with-bugurl=file:///usr/share/doc/gcc-4.8/README.Bugs --enable-languages=c,c++,java,go,d,fortran,objc,obj-c++ --prefix=/usr --program-suffix=-4.8 --enable-shared --enable-linker-build-id --libexecdir=/usr/lib --without-included-gettext --enable-threads=posix --with-gxx-include-dir=/usr/include/c++/4.8 --libdir=/usr/lib --enable-nls --with-sysroot=/ --enable-clocale=gnu --enable-libstdcxx-debug --enable-libstdcxx-time=yes --enable-gnu-unique-object --enable-plugin --with-system-zlib --disable-browser-plugin --enable-java-awt=gtk --enable-gtk-cairo --with-java-home=/usr/lib/jvm/java-1.5.0-gcj-4.8-amd64/jre --enable-java-home --with-jvm-root-dir=/usr/lib/jvm/java-1.5.0-gcj-4.8-amd64 --with-jvm-jar-dir=/usr/lib/jvm-exports/java-1.5.0-gcj-4.8-amd64 --with-arch-directory=amd64 --with-ecj-jar=/usr/share/java/eclipse-ecj.jar --enable-objc-gc --enable-multiarch --disable-werror --with-arch-32=i686 --with-abi=m64 --with-multilib-list=m32,m64,mx32 --with-tune=generic --enable-checking=release --build=x86_64-linux-gnu --host=x86_64-linux-gnu --target=x86_64-linux-gnu
Thread model: posix
gcc version 4.8.1 (Ubuntu/Linaro 4.8.1-10ubuntu9) 
configure:4435: $? = 0
configure:4424: gcc -V >&5
gcc: error: unrecognized command line option '-V'
gcc: fatal error: no input files
compilation terminated.
configure:4435: $? = 4
configure:4424: gcc -qversion >&5
gcc: error: unrecognized command line option '-qversion'
gcc: fatal error: no input files
compilation terminated.
configure:4435: $? = 4
configure:4439: checking whether we are using the GNU C compiler
configure:4458: gcc -c   conftest.c >&5
configure:4458: $? = 0
configure:4467: result: yes
configure:4476: checking whether gcc accepts -g
configure:4496: gcc -c -g  conftest.c >&5
configure:4496: $? = 0
configure:4537: result: yes
configure:4554: checking for gcc option to accept ISO C89
configure:4617: gcc  -c -g -O2  conftest.c >&5
configure:4617: $? = 0
configure:4630: result: none needed
configure:4652: checking dependency style of gcc
configure:4742: result: gcc3
configure:4925: checking for the pthreads library -lpthreads
configure:4963: gcc -o conftest -g -O2    conftest.c -lpthreads  >&5
/usr/bin/ld: cannot find -lpthreads
collect2: error: ld returned 1 exit status
configure:4963: $? = 1
configure: failed program was:
| /* confdefs.h */
| #define PACKAGE_NAME "Logstalgia"
| #define PACKAGE_TARNAME "logstalgia"
| #define PACKAGE_VERSION "1.0.5"
| #define PACKAGE_STRING "Logstalgia 1.0.5"
| #define PACKAGE_BUGREPORT "acaudwell@gmail.com"
| #define PACKAGE_URL ""
| #define PACKAGE "logstalgia"
| #define VERSION "1.0.5"
| /* end confdefs.h.  */
| #include <pthread.h>
| 	             static void routine(void* a) {a=0;}
| 	             static void* start_routine(void* a) {return a;}
| int
| main ()
| {
| pthread_t th; pthread_attr_t attr;
|                      pthread_join(th, 0);
|                      pthread_attr_init(&attr);
|                      pthread_cleanup_push(routine, 0);
|                      pthread_create(&th,0,start_routine,0);
|                      pthread_cleanup_pop(0);
|   ;
|   return 0;
| }
configure:4972: result: no
configure:4870: checking whether pthreads work without any flags
configure:4963: gcc -o conftest -g -O2    conftest.c   >&5
/tmp/cc5x7DTQ.o: In function `main':
/home/lieanu/ctf/bctf-final/Logstalgia/conftest.c:18: undefined reference to `pthread_join'
/home/lieanu/ctf/bctf-final/Logstalgia/conftest.c:20: undefined reference to `__pthread_register_cancel'
/home/lieanu/ctf/bctf-final/Logstalgia/conftest.c:21: undefined reference to `pthread_create'
/home/lieanu/ctf/bctf-final/Logstalgia/conftest.c:22: undefined reference to `__pthread_unregister_cancel'
collect2: error: ld returned 1 exit status
configure:4963: $? = 1
configure: failed program was:
| /* confdefs.h */
| #define PACKAGE_NAME "Logstalgia"
| #define PACKAGE_TARNAME "logstalgia"
| #define PACKAGE_VERSION "1.0.5"
| #define PACKAGE_STRING "Logstalgia 1.0.5"
| #define PACKAGE_BUGREPORT "acaudwell@gmail.com"
| #define PACKAGE_URL ""
| #define PACKAGE "logstalgia"
| #define VERSION "1.0.5"
| /* end confdefs.h.  */
| #include <pthread.h>
| 	             static void routine(void* a) {a=0;}
| 	             static void* start_routine(void* a) {return a;}
| int
| main ()
| {
| pthread_t th; pthread_attr_t attr;
|                      pthread_join(th, 0);
|                      pthread_attr_init(&attr);
|                      pthread_cleanup_push(routine, 0);
|                      pthread_create(&th,0,start_routine,0);
|                      pthread_cleanup_pop(0);
|   ;
|   return 0;
| }
configure:4972: result: no
configure:4875: checking whether pthreads work with -Kthread
configure:4963: gcc -o conftest -g -O2 -Kthread   conftest.c   >&5
gcc: error: unrecognized command line option '-Kthread'
configure:4963: $? = 1
configure: failed program was:
| /* confdefs.h */
| #define PACKAGE_NAME "Logstalgia"
| #define PACKAGE_TARNAME "logstalgia"
| #define PACKAGE_VERSION "1.0.5"
| #define PACKAGE_STRING "Logstalgia 1.0.5"
| #define PACKAGE_BUGREPORT "acaudwell@gmail.com"
| #define PACKAGE_URL ""
| #define PACKAGE "logstalgia"
| #define VERSION "1.0.5"
| /* end confdefs.h.  */
| #include <pthread.h>
| 	             static void routine(void* a) {a=0;}
| 	             static void* start_routine(void* a) {return a;}
| int
| main ()
| {
| pthread_t th; pthread_attr_t attr;
|                      pthread_join(th, 0);
|                      pthread_attr_init(&attr);
|                      pthread_cleanup_push(routine, 0);
|                      pthread_create(&th,0,start_routine,0);
|                      pthread_cleanup_pop(0);
|   ;
|   return 0;
| }
configure:4972: result: no
configure:4875: checking whether pthreads work with -kthread
configure:4963: gcc -o conftest -g -O2 -kthread   conftest.c   >&5
gcc: error: unrecognized command line option '-kthread'
configure:4963: $? = 1
configure: failed program was:
| /* confdefs.h */
| #define PACKAGE_NAME "Logstalgia"
| #define PACKAGE_TARNAME "logstalgia"
| #define PACKAGE_VERSION "1.0.5"
| #define PACKAGE_STRING "Logstalgia 1.0.5"
| #define PACKAGE_BUGREPORT "acaudwell@gmail.com"
| #define PACKAGE_URL ""
| #define PACKAGE "logstalgia"
| #define VERSION "1.0.5"
| /* end confdefs.h.  */
| #include <pthread.h>
| 	             static void routine(void* a) {a=0;}
| 	             static void* start_routine(void* a) {return a;}
| int
| main ()
| {
| pthread_t th; pthread_attr_t attr;
|                      pthread_join(th, 0);
|                      pthread_attr_init(&attr);
|                      pthread_cleanup_push(routine, 0);
|                      pthread_create(&th,0,start_routine,0);
|                      pthread_cleanup_pop(0);
|   ;
|   return 0;
| }
configure:4972: result: no
configure:4925: checking for the pthreads library -llthread
configure:4963: gcc -o conftest -g -O2    conftest.c -llthread  >&5
/usr/bin/ld: cannot find -llthread
collect2: error: ld returned 1 exit status
configure:4963: $? = 1
configure: failed program was:
| /* confdefs.h */
| #define PACKAGE_NAME "Logstalgia"
| #define PACKAGE_TARNAME "logstalgia"
| #define PACKAGE_VERSION "1.0.5"
| #define PACKAGE_STRING "Logstalgia 1.0.5"
| #define PACKAGE_BUGREPORT "acaudwell@gmail.com"
| #define PACKAGE_URL ""
| #define PACKAGE "logstalgia"
| #define VERSION "1.0.5"
| /* end confdefs.h.  */
| #include <pthread.h>
| 	             static void routine(void* a) {a=0;}
| 	             static void* start_routine(void* a) {return a;}
| int
| main ()
| {
| pthread_t th; pthread_attr_t attr;
|                      pthread_join(th, 0);
|                      pthread_attr_init(&attr);
|                      pthread_cleanup_push(routine, 0);
|                      pthread_create(&th,0,start_routine,0);
|                      pthread_cleanup_pop(0);
|   ;
|   return 0;
| }
configure:4972: result: no
configure:4875: checking whether pthreads work with -pthread
configure:4963: gcc -o conftest -g -O2 -pthread   conftest.c   >&5
configure:4963: $? = 0
configure:4972: result: yes
configure:4991: checking for joinable pthread attribute
configure:5006: gcc -o conftest -g -O2 -pthread   conftest.c   >&5
configure:5006: $? = 0
configure:5012: result: PTHREAD_CREATE_JOINABLE
configure:5022: checking if more special flags are required for pthreads
configure:5029: result: no
configure:5116: checking how to run the C preprocessor
configure:5147: gcc -E  conftest.c
configure:5147: $? = 0
configure:5161: gcc -E  conftest.c
conftest.c:12:28: fatal error: ac_nonexistent.h: No such file or directory
 #include <ac_nonexistent.h>
                            ^
compilation terminated.
configure:5161: $? = 1
configure: failed program was:
| /* confdefs.h */
| #define PACKAGE_NAME "Logstalgia"
| #define PACKAGE_TARNAME "logstalgia"
| #define PACKAGE_VERSION "1.0.5"
| #define PACKAGE_STRING "Logstalgia 1.0.5"
| #define PACKAGE_BUGREPORT "acaudwell@gmail.com"
| #define PACKAGE_URL ""
| #define PACKAGE "logstalgia"
| #define VERSION "1.0.5"
| #define HAVE_PTHREAD 1
| /* end confdefs.h.  */
| #include <ac_nonexistent.h>
configure:5186: result: gcc -E
configure:5206: gcc -E  conftest.c
configure:5206: $? = 0
configure:5220: gcc -E  conftest.c
conftest.c:12:28: fatal error: ac_nonexistent.h: No such file or directory
 #include <ac_nonexistent.h>
                            ^
compilation terminated.
configure:5220: $? = 1
configure: failed program was:
| /* confdefs.h */
| #define PACKAGE_NAME "Logstalgia"
| #define PACKAGE_TARNAME "logstalgia"
| #define PACKAGE_VERSION "1.0.5"
| #define PACKAGE_STRING "Logstalgia 1.0.5"
| #define PACKAGE_BUGREPORT "acaudwell@gmail.com"
| #define PACKAGE_URL ""
| #define PACKAGE "logstalgia"
| #define VERSION "1.0.5"
| #define HAVE_PTHREAD 1
| /* end confdefs.h.  */
| #include <ac_nonexistent.h>
configure:5249: checking for grep that handles long lines and -e
configure:5307: result: /bin/grep
configure:5312: checking for egrep
configure:5374: result: /bin/grep -E
configure:5379: checking for ANSI C header files
configure:5399: gcc -c -g -O2  conftest.c >&5
configure:5399: $? = 0
configure:5472: gcc -o conftest -g -O2   conftest.c  >&5
configure:5472: $? = 0
configure:5472: ./conftest
configure:5472: $? = 0
configure:5483: result: yes
configure:5496: checking for sys/types.h
configure:5496: gcc -c -g -O2  conftest.c >&5
configure:5496: $? = 0
configure:5496: result: yes
configure:5496: checking for sys/stat.h
configure:5496: gcc -c -g -O2  conftest.c >&5
configure:5496: $? = 0
configure:5496: result: yes
configure:5496: checking for stdlib.h
configure:5496: gcc -c -g -O2  conftest.c >&5
configure:5496: $? = 0
configure:5496: result: yes
configure:5496: checking for string.h
configure:5496: gcc -c -g -O2  conftest.c >&5
configure:5496: $? = 0
configure:5496: result: yes
configure:5496: checking for memory.h
configure:5496: gcc -c -g -O2  conftest.c >&5
configure:5496: $? = 0
configure:5496: result: yes
configure:5496: checking for strings.h
configure:5496: gcc -c -g -O2  conftest.c >&5
configure:5496: $? = 0
configure:5496: result: yes
configure:5496: checking for inttypes.h
configure:5496: gcc -c -g -O2  conftest.c >&5
configure:5496: $? = 0
configure:5496: result: yes
configure:5496: checking for stdint.h
configure:5496: gcc -c -g -O2  conftest.c >&5
configure:5496: $? = 0
configure:5496: result: yes
configure:5496: checking for unistd.h
configure:5496: gcc -c -g -O2  conftest.c >&5
configure:5496: $? = 0
configure:5496: result: yes
configure:5515: checking whether we are using the Microsoft C compiler
configure:5534: gcc -c -g -O2  conftest.c >&5
conftest.c: In function 'main':
conftest.c:27:8: error: unknown type name 'choke'
        choke me
        ^
configure:5534: $? = 1
configure: failed program was:
| /* confdefs.h */
| #define PACKAGE_NAME "Logstalgia"
| #define PACKAGE_TARNAME "logstalgia"
| #define PACKAGE_VERSION "1.0.5"
| #define PACKAGE_STRING "Logstalgia 1.0.5"
| #define PACKAGE_BUGREPORT "acaudwell@gmail.com"
| #define PACKAGE_URL ""
| #define PACKAGE "logstalgia"
| #define VERSION "1.0.5"
| #define HAVE_PTHREAD 1
| #define STDC_HEADERS 1
| #define HAVE_SYS_TYPES_H 1
| #define HAVE_SYS_STAT_H 1
| #define HAVE_STDLIB_H 1
| #define HAVE_STRING_H 1
| #define HAVE_MEMORY_H 1
| #define HAVE_STRINGS_H 1
| #define HAVE_INTTYPES_H 1
| #define HAVE_STDINT_H 1
| #define HAVE_UNISTD_H 1
| /* end confdefs.h.  */
| 
| int
| main ()
| {
| #ifndef _MSC_VER
|        choke me
| #endif
| 
|   ;
|   return 0;
| }
configure:5543: result: no
configure:5559: checking windows.h usability
configure:5559: gcc -c -g -O2  conftest.c >&5
conftest.c:55:21: fatal error: windows.h: No such file or directory
 #include <windows.h>
                     ^
compilation terminated.
configure:5559: $? = 1
configure: failed program was:
| /* confdefs.h */
| #define PACKAGE_NAME "Logstalgia"
| #define PACKAGE_TARNAME "logstalgia"
| #define PACKAGE_VERSION "1.0.5"
| #define PACKAGE_STRING "Logstalgia 1.0.5"
| #define PACKAGE_BUGREPORT "acaudwell@gmail.com"
| #define PACKAGE_URL ""
| #define PACKAGE "logstalgia"
| #define VERSION "1.0.5"
| #define HAVE_PTHREAD 1
| #define STDC_HEADERS 1
| #define HAVE_SYS_TYPES_H 1
| #define HAVE_SYS_STAT_H 1
| #define HAVE_STDLIB_H 1
| #define HAVE_STRING_H 1
| #define HAVE_MEMORY_H 1
| #define HAVE_STRINGS_H 1
| #define HAVE_INTTYPES_H 1
| #define HAVE_STDINT_H 1
| #define HAVE_UNISTD_H 1
| /* end confdefs.h.  */
| #include <stdio.h>
| #ifdef HAVE_SYS_TYPES_H
| # include <sys/types.h>
| #endif
| #ifdef HAVE_SYS_STAT_H
| # include <sys/stat.h>
| #endif
| #ifdef STDC_HEADERS
| # include <stdlib.h>
| # include <stddef.h>
| #else
| # ifdef HAVE_STDLIB_H
| #  include <stdlib.h>
| # endif
| #endif
| #ifdef HAVE_STRING_H
| # if !defined STDC_HEADERS && defined HAVE_MEMORY_H
| #  include <memory.h>
| # endif
| # include <string.h>
| #endif
| #ifdef HAVE_STRINGS_H
| # include <strings.h>
| #endif
| #ifdef HAVE_INTTYPES_H
| # include <inttypes.h>
| #endif
| #ifdef HAVE_STDINT_H
| # include <stdint.h>
| #endif
| #ifdef HAVE_UNISTD_H
| # include <unistd.h>
| #endif
| #include <windows.h>
configure:5559: result: no
configure:5559: checking windows.h presence
configure:5559: gcc -E  conftest.c
conftest.c:22:21: fatal error: windows.h: No such file or directory
 #include <windows.h>
                     ^
compilation terminated.
configure:5559: $? = 1
configure: failed program was:
| /* confdefs.h */
| #define PACKAGE_NAME "Logstalgia"
| #define PACKAGE_TARNAME "logstalgia"
| #define PACKAGE_VERSION "1.0.5"
| #define PACKAGE_STRING "Logstalgia 1.0.5"
| #define PACKAGE_BUGREPORT "acaudwell@gmail.com"
| #define PACKAGE_URL ""
| #define PACKAGE "logstalgia"
| #define VERSION "1.0.5"
| #define HAVE_PTHREAD 1
| #define STDC_HEADERS 1
| #define HAVE_SYS_TYPES_H 1
| #define HAVE_SYS_STAT_H 1
| #define HAVE_STDLIB_H 1
| #define HAVE_STRING_H 1
| #define HAVE_MEMORY_H 1
| #define HAVE_STRINGS_H 1
| #define HAVE_INTTYPES_H 1
| #define HAVE_STDINT_H 1
| #define HAVE_UNISTD_H 1
| /* end confdefs.h.  */
| #include <windows.h>
configure:5559: result: no
configure:5559: checking for windows.h
configure:5559: result: no
configure:5575: checking for GL/gl.h
configure:5575: gcc -c -g -O2 -pthread  conftest.c >&5
configure:5575: $? = 0
configure:5575: result: yes
configure:5575: checking for OpenGL/gl.h
configure:5575: gcc -c -g -O2 -pthread  conftest.c >&5
conftest.c:29:23: fatal error: OpenGL/gl.h: No such file or directory
 #include <OpenGL/gl.h>
                       ^
compilation terminated.
configure:5575: $? = 1
configure: failed program was:
| /* confdefs.h */
| #define PACKAGE_NAME "Logstalgia"
| #define PACKAGE_TARNAME "logstalgia"
| #define PACKAGE_VERSION "1.0.5"
| #define PACKAGE_STRING "Logstalgia 1.0.5"
| #define PACKAGE_BUGREPORT "acaudwell@gmail.com"
| #define PACKAGE_URL ""
| #define PACKAGE "logstalgia"
| #define VERSION "1.0.5"
| #define HAVE_PTHREAD 1
| #define STDC_HEADERS 1
| #define HAVE_SYS_TYPES_H 1
| #define HAVE_SYS_STAT_H 1
| #define HAVE_STDLIB_H 1
| #define HAVE_STRING_H 1
| #define HAVE_MEMORY_H 1
| #define HAVE_STRINGS_H 1
| #define HAVE_INTTYPES_H 1
| #define HAVE_STDINT_H 1
| #define HAVE_UNISTD_H 1
| #define HAVE_GL_GL_H 1
| /* end confdefs.h.  */
| 
| # if defined(HAVE_WINDOWS_H) && defined(_WIN32)
| #   include <windows.h>
| # endif
| 
| 
| #include <OpenGL/gl.h>
configure:5575: result: no
configure:5596: checking for OpenGL library
configure:5643: gcc -o conftest -g -O2  -pthread   conftest.c -lopengl32  >&5
/usr/bin/ld: cannot find -lopengl32
collect2: error: ld returned 1 exit status
configure:5643: $? = 1
configure: failed program was:
| /* confdefs.h */
| #define PACKAGE_NAME "Logstalgia"
| #define PACKAGE_TARNAME "logstalgia"
| #define PACKAGE_VERSION "1.0.5"
| #define PACKAGE_STRING "Logstalgia 1.0.5"
| #define PACKAGE_BUGREPORT "acaudwell@gmail.com"
| #define PACKAGE_URL ""
| #define PACKAGE "logstalgia"
| #define VERSION "1.0.5"
| #define HAVE_PTHREAD 1
| #define STDC_HEADERS 1
| #define HAVE_SYS_TYPES_H 1
| #define HAVE_SYS_STAT_H 1
| #define HAVE_STDLIB_H 1
| #define HAVE_STRING_H 1
| #define HAVE_MEMORY_H 1
| #define HAVE_STRINGS_H 1
| #define HAVE_INTTYPES_H 1
| #define HAVE_STDINT_H 1
| #define HAVE_UNISTD_H 1
| #define HAVE_GL_GL_H 1
| /* end confdefs.h.  */
| 
| # if defined(HAVE_WINDOWS_H) && defined(_WIN32)
| #   include <windows.h>
| # endif
| # ifdef HAVE_GL_GL_H
| #   include <GL/gl.h>
| # elif defined(HAVE_OPENGL_GL_H)
| #   include <OpenGL/gl.h>
| # else
| #   error no gl.h
| # endif
| int
| main ()
| {
| glBegin(0)
|   ;
|   return 0;
| }
configure:5669: gcc -o conftest -g -O2  -pthread   -L/usr/lib64/nvidia conftest.c -lopengl32  >&5
/usr/bin/ld: cannot find -lopengl32
collect2: error: ld returned 1 exit status
configure:5669: $? = 1
configure: failed program was:
| /* confdefs.h */
| #define PACKAGE_NAME "Logstalgia"
| #define PACKAGE_TARNAME "logstalgia"
| #define PACKAGE_VERSION "1.0.5"
| #define PACKAGE_STRING "Logstalgia 1.0.5"
| #define PACKAGE_BUGREPORT "acaudwell@gmail.com"
| #define PACKAGE_URL ""
| #define PACKAGE "logstalgia"
| #define VERSION "1.0.5"
| #define HAVE_PTHREAD 1
| #define STDC_HEADERS 1
| #define HAVE_SYS_TYPES_H 1
| #define HAVE_SYS_STAT_H 1
| #define HAVE_STDLIB_H 1
| #define HAVE_STRING_H 1
| #define HAVE_MEMORY_H 1
| #define HAVE_STRINGS_H 1
| #define HAVE_INTTYPES_H 1
| #define HAVE_STDINT_H 1
| #define HAVE_UNISTD_H 1
| #define HAVE_GL_GL_H 1
| /* end confdefs.h.  */
| 
| # if defined(HAVE_WINDOWS_H) && defined(_WIN32)
| #   include <windows.h>
| # endif
| # ifdef HAVE_GL_GL_H
| #   include <GL/gl.h>
| # elif defined(HAVE_OPENGL_GL_H)
| #   include <OpenGL/gl.h>
| # else
| #   error no gl.h
| # endif
| int
| main ()
| {
| glBegin(0)
|   ;
|   return 0;
| }
configure:5695: gcc -o conftest -g -O2  -pthread   -dylib_file /System/Library/Frameworks/OpenGL.framework/Versions/A/Libraries/libGL.dylib:/System/Library/Frameworks/OpenGL.framework/Versions/A/Libraries/libGL.dylib conftest.c -lopengl32  >&5
gcc: error: /System/Library/Frameworks/OpenGL.framework/Versions/A/Libraries/libGL.dylib:/System/Library/Frameworks/OpenGL.framework/Versions/A/Libraries/libGL.dylib: No such file or directory
configure:5695: $? = 1
configure: failed program was:
| /* confdefs.h */
| #define PACKAGE_NAME "Logstalgia"
| #define PACKAGE_TARNAME "logstalgia"
| #define PACKAGE_VERSION "1.0.5"
| #define PACKAGE_STRING "Logstalgia 1.0.5"
| #define PACKAGE_BUGREPORT "acaudwell@gmail.com"
| #define PACKAGE_URL ""
| #define PACKAGE "logstalgia"
| #define VERSION "1.0.5"
| #define HAVE_PTHREAD 1
| #define STDC_HEADERS 1
| #define HAVE_SYS_TYPES_H 1
| #define HAVE_SYS_STAT_H 1
| #define HAVE_STDLIB_H 1
| #define HAVE_STRING_H 1
| #define HAVE_MEMORY_H 1
| #define HAVE_STRINGS_H 1
| #define HAVE_INTTYPES_H 1
| #define HAVE_STDINT_H 1
| #define HAVE_UNISTD_H 1
| #define HAVE_GL_GL_H 1
| /* end confdefs.h.  */
| 
| # if defined(HAVE_WINDOWS_H) && defined(_WIN32)
| #   include <windows.h>
| # endif
| # ifdef HAVE_GL_GL_H
| #   include <GL/gl.h>
| # elif defined(HAVE_OPENGL_GL_H)
| #   include <OpenGL/gl.h>
| # else
| #   error no gl.h
| # endif
| int
| main ()
| {
| glBegin(0)
|   ;
|   return 0;
| }
configure:5643: gcc -o conftest -g -O2  -pthread   conftest.c -lGL  >&5
configure:5643: $? = 0
configure:5739: gcc -o conftest -g -O2  -pthread   conftest.c -lGL  >&5
configure:5739: $? = 0
configure:5782: result: -lGL
configure:5807: checking for GL/glu.h
configure:5807: g++ -c -g -O2 -pthread  conftest.cpp >&5
configure:5807: $? = 0
configure:5807: result: yes
configure:5807: checking for OpenGL/glu.h
configure:5807: g++ -c -g -O2 -pthread  conftest.cpp >&5
conftest.cpp:30:24: fatal error: OpenGL/glu.h: No such file or directory
 #include <OpenGL/glu.h>
                        ^
compilation terminated.
configure:5807: $? = 1
configure: failed program was:
| /* confdefs.h */
| #define PACKAGE_NAME "Logstalgia"
| #define PACKAGE_TARNAME "logstalgia"
| #define PACKAGE_VERSION "1.0.5"
| #define PACKAGE_STRING "Logstalgia 1.0.5"
| #define PACKAGE_BUGREPORT "acaudwell@gmail.com"
| #define PACKAGE_URL ""
| #define PACKAGE "logstalgia"
| #define VERSION "1.0.5"
| #define HAVE_PTHREAD 1
| #define STDC_HEADERS 1
| #define HAVE_SYS_TYPES_H 1
| #define HAVE_SYS_STAT_H 1
| #define HAVE_STDLIB_H 1
| #define HAVE_STRING_H 1
| #define HAVE_MEMORY_H 1
| #define HAVE_STRINGS_H 1
| #define HAVE_INTTYPES_H 1
| #define HAVE_STDINT_H 1
| #define HAVE_UNISTD_H 1
| #define HAVE_GL_GL_H 1
| #define HAVE_GL_GLU_H 1
| /* end confdefs.h.  */
| 
| # if defined(HAVE_WINDOWS_H) && defined(_WIN32)
| #   include <windows.h>
| # endif
| 
| 
| #include <OpenGL/glu.h>
configure:5807: result: no
configure:5826: checking for OpenGL Utility library
configure:5883: g++ -o conftest -g -O2 -pthread   -lGL  conftest.cpp  >&5
/tmp/ccetCmdX.o: In function `main':
/home/lieanu/ctf/bctf-final/Logstalgia/conftest.cpp:39: undefined reference to `gluBeginCurve'
collect2: error: ld returned 1 exit status
configure:5883: $? = 1
configure: failed program was:
| /* confdefs.h */
| #define PACKAGE_NAME "Logstalgia"
| #define PACKAGE_TARNAME "logstalgia"
| #define PACKAGE_VERSION "1.0.5"
| #define PACKAGE_STRING "Logstalgia 1.0.5"
| #define PACKAGE_BUGREPORT "acaudwell@gmail.com"
| #define PACKAGE_URL ""
| #define PACKAGE "logstalgia"
| #define VERSION "1.0.5"
| #define HAVE_PTHREAD 1
| #define STDC_HEADERS 1
| #define HAVE_SYS_TYPES_H 1
| #define HAVE_SYS_STAT_H 1
| #define HAVE_STDLIB_H 1
| #define HAVE_STRING_H 1
| #define HAVE_MEMORY_H 1
| #define HAVE_STRINGS_H 1
| #define HAVE_INTTYPES_H 1
| #define HAVE_STDINT_H 1
| #define HAVE_UNISTD_H 1
| #define HAVE_GL_GL_H 1
| #define HAVE_GL_GLU_H 1
| /* end confdefs.h.  */
| 
| # if defined(HAVE_WINDOWS_H) && defined(_WIN32)
| #   include <windows.h>
| # endif
| # ifdef HAVE_GL_GLU_H
| #   include <GL/glu.h>
| # elif defined(HAVE_OPENGL_GLU_H)
| #   include <OpenGL/glu.h>
| # else
| #   error no glu.h
| # endif
| int
| main ()
| {
| gluBeginCurve(0)
|   ;
|   return 0;
| }
configure:5916: g++ -o conftest -g -O2 -pthread   -lGL  conftest.cpp -lglu32  >&5
/usr/bin/ld: cannot find -lglu32
collect2: error: ld returned 1 exit status
configure:5916: $? = 1
configure: failed program was:
| /* confdefs.h */
| #define PACKAGE_NAME "Logstalgia"
| #define PACKAGE_TARNAME "logstalgia"
| #define PACKAGE_VERSION "1.0.5"
| #define PACKAGE_STRING "Logstalgia 1.0.5"
| #define PACKAGE_BUGREPORT "acaudwell@gmail.com"
| #define PACKAGE_URL ""
| #define PACKAGE "logstalgia"
| #define VERSION "1.0.5"
| #define HAVE_PTHREAD 1
| #define STDC_HEADERS 1
| #define HAVE_SYS_TYPES_H 1
| #define HAVE_SYS_STAT_H 1
| #define HAVE_STDLIB_H 1
| #define HAVE_STRING_H 1
| #define HAVE_MEMORY_H 1
| #define HAVE_STRINGS_H 1
| #define HAVE_INTTYPES_H 1
| #define HAVE_STDINT_H 1
| #define HAVE_UNISTD_H 1
| #define HAVE_GL_GL_H 1
| #define HAVE_GL_GLU_H 1
| /* end confdefs.h.  */
| 
| # if defined(HAVE_WINDOWS_H) && defined(_WIN32)
| #   include <windows.h>
| # endif
| # ifdef HAVE_GL_GLU_H
| #   include <GL/glu.h>
| # elif defined(HAVE_OPENGL_GLU_H)
| #   include <OpenGL/glu.h>
| # else
| #   error no glu.h
| # endif
| int
| main ()
| {
| gluBeginCurve(0)
|   ;
|   return 0;
| }
configure:5916: g++ -o conftest -g -O2 -pthread   -lGL  conftest.cpp -lGLU  >&5
configure:5916: $? = 0
configure:5944: result: -lGLU
configure:5963: checking for varargs GLU tesselator callback function type
configure:5993: g++ -c -pthread -g -O2  conftest.cpp >&5
conftest.cpp: In function 'int main()':
conftest.cpp:33:48: error: invalid conversion from 'GLvoid (*)(...) {aka void (*)(...)}' to '_GLUfuncptr {aka void (*)()}' [-fpermissive]
 GLvoid (*func)(...); gluTessCallback(0, 0, func)
                                                ^
In file included from conftest.cpp:26:0:
/usr/include/GL/glu.h:340:23: error:   initializing argument 3 of 'void gluTessCallback(GLUtesselator*, GLenum, _GLUfuncptr)' [-fpermissive]
 GLAPI void GLAPIENTRY gluTessCallback (GLUtesselator* tess, GLenum which, _GLUfuncptr CallBackFunc);
                       ^
configure:5993: $? = 1
configure: failed program was:
| /* confdefs.h */
| #define PACKAGE_NAME "Logstalgia"
| #define PACKAGE_TARNAME "logstalgia"
| #define PACKAGE_VERSION "1.0.5"
| #define PACKAGE_STRING "Logstalgia 1.0.5"
| #define PACKAGE_BUGREPORT "acaudwell@gmail.com"
| #define PACKAGE_URL ""
| #define PACKAGE "logstalgia"
| #define VERSION "1.0.5"
| #define HAVE_PTHREAD 1
| #define STDC_HEADERS 1
| #define HAVE_SYS_TYPES_H 1
| #define HAVE_SYS_STAT_H 1
| #define HAVE_STDLIB_H 1
| #define HAVE_STRING_H 1
| #define HAVE_MEMORY_H 1
| #define HAVE_STRINGS_H 1
| #define HAVE_INTTYPES_H 1
| #define HAVE_STDINT_H 1
| #define HAVE_UNISTD_H 1
| #define HAVE_GL_GL_H 1
| #define HAVE_GL_GLU_H 1
| /* end confdefs.h.  */
| 
| # ifdef HAVE_GL_GLU_H
| #   include <GL/glu.h>
| # else
| #   include <OpenGL/glu.h>
| # endif
| int
| main ()
| {
| GLvoid (*func)(...); gluTessCallback(0, 0, func)
|   ;
|   return 0;
| }
configure:6005: result: no
configure:6067: checking for pkg-config
configure:6085: found /usr/bin/pkg-config
configure:6097: result: /usr/bin/pkg-config
configure:6122: checking pkg-config is at least version 0.9.0
configure:6125: result: yes
configure:6136: checking for FT2
configure:6144: $PKG_CONFIG --exists --print-errors "freetype2 >= 9.0.3"
configure:6147: $? = 0
configure:6162: $PKG_CONFIG --exists --print-errors "freetype2 >= 9.0.3"
configure:6165: $? = 0
configure:6220: result: yes
configure:6226: checking for PCRE
configure:6234: $PKG_CONFIG --exists --print-errors "libpcre"
configure:6237: $? = 0
configure:6252: $PKG_CONFIG --exists --print-errors "libpcre"
configure:6255: $? = 0
configure:6310: result: yes
configure:6316: checking for GLEW
configure:6324: $PKG_CONFIG --exists --print-errors "glew"
configure:6327: $? = 0
configure:6342: $PKG_CONFIG --exists --print-errors "glew"
configure:6345: $? = 0
configure:6400: result: yes
configure:6407: checking for SDL2
configure:6415: $PKG_CONFIG --exists --print-errors "sdl2 SDL2_image"
configure:6418: $? = 0
configure:6433: $PKG_CONFIG --exists --print-errors "sdl2 SDL2_image"
configure:6436: $? = 0
configure:6472: result: yes
configure:6575: checking for PNG
configure:6583: $PKG_CONFIG --exists --print-errors "libpng >= 1.2"
configure:6586: $? = 0
configure:6601: $PKG_CONFIG --exists --print-errors "libpng >= 1.2"
configure:6604: $? = 0
configure:6659: result: yes
configure:6669: checking for IMG_LoadPNG_RW
configure:6669: g++ -o conftest -g -O2 -pthread -pthread  -pthread -pthread -I/usr/include/freetype2     -I/usr/include/GL   -D_REENTRANT -I/usr/include/SDL2    -I/usr/include/libpng12    conftest.cpp  -lGL  -lGLU -lfreetype   -lpcre   -lGLEW   -lSDL2_image -lSDL2    -lpng12   >&5
configure:6669: $? = 0
configure:6669: result: yes
configure:6682: checking for IMG_LoadJPG_RW
configure:6682: g++ -o conftest -g -O2 -pthread -pthread  -pthread -pthread -I/usr/include/freetype2     -I/usr/include/GL   -D_REENTRANT -I/usr/include/SDL2    -I/usr/include/libpng12    conftest.cpp  -lGL  -lGLU -lfreetype   -lpcre   -lGLEW   -lSDL2_image -lSDL2    -lpng12   >&5
configure:6682: $? = 0
configure:6682: result: yes
configure:6743: checking for boostlib >= 1.46
configure:6812: g++ -c -g -O2 -pthread -pthread  -pthread -pthread -I/usr/include/freetype2     -I/usr/include/GL   -D_REENTRANT -I/usr/include/SDL2    -I/usr/include/libpng12   -I/usr/include conftest.cpp >&5
configure:6812: $? = 0
configure:6814: result: yes
configure:6963: checking glm/glm.hpp usability
configure:6963: g++ -c -g -O2 -pthread -pthread  -pthread -pthread -I/usr/include/freetype2     -I/usr/include/GL   -D_REENTRANT -I/usr/include/SDL2    -I/usr/include/libpng12   -I/usr/include conftest.cpp >&5
configure:6963: $? = 0
configure:6963: result: yes
configure:6963: checking glm/glm.hpp presence
configure:6963: g++ -E  -pthread -pthread -I/usr/include/freetype2     -I/usr/include/GL   -D_REENTRANT -I/usr/include/SDL2    -I/usr/include/libpng12   -I/usr/include conftest.cpp
configure:6963: $? = 0
configure:6963: result: yes
configure:6963: checking for glm/glm.hpp
configure:6963: result: yes
configure:7160: creating ./config.status

## ---------------------- ##
## Running config.status. ##
## ---------------------- ##

This file was extended by Logstalgia config.status 1.0.5, which was
generated by GNU Autoconf 2.69.  Invocation command line was

  CONFIG_FILES    = 
  CONFIG_HEADERS  = 
  CONFIG_LINKS    = 
  CONFIG_COMMANDS = 
  $ ./config.status 

on Mint

config.status:810: creating Makefile
config.status:976: executing depfiles commands

## ---------------- ##
## Cache variables. ##
## ---------------- ##

ac_cv_build=x86_64-unknown-linux-gnu
ac_cv_c_compiler_gnu=yes
ac_cv_cxx_compiler_gnu=yes
ac_cv_env_CCC_set=
ac_cv_env_CCC_value=
ac_cv_env_CC_set=
ac_cv_env_CC_value=
ac_cv_env_CFLAGS_set=
ac_cv_env_CFLAGS_value=
ac_cv_env_CPPFLAGS_set=
ac_cv_env_CPPFLAGS_value=
ac_cv_env_CPP_set=
ac_cv_env_CPP_value=
ac_cv_env_CXXCPP_set=
ac_cv_env_CXXCPP_value=
ac_cv_env_CXXFLAGS_set=
ac_cv_env_CXXFLAGS_value=
ac_cv_env_CXX_set=
ac_cv_env_CXX_value=
ac_cv_env_FT2_CFLAGS_set=
ac_cv_env_FT2_CFLAGS_value=
ac_cv_env_FT2_LIBS_set=
ac_cv_env_FT2_LIBS_value=
ac_cv_env_GLEW_CFLAGS_set=
ac_cv_env_GLEW_CFLAGS_value=
ac_cv_env_GLEW_LIBS_set=
ac_cv_env_GLEW_LIBS_value=
ac_cv_env_LDFLAGS_set=
ac_cv_env_LDFLAGS_value=
ac_cv_env_LIBS_set=
ac_cv_env_LIBS_value=
ac_cv_env_PCRE_CFLAGS_set=
ac_cv_env_PCRE_CFLAGS_value=
ac_cv_env_PCRE_LIBS_set=
ac_cv_env_PCRE_LIBS_value=
ac_cv_env_PKG_CONFIG_set=
ac_cv_env_PKG_CONFIG_value=
ac_cv_env_PNG_CFLAGS_set=
ac_cv_env_PNG_CFLAGS_value=
ac_cv_env_PNG_LIBS_set=
ac_cv_env_PNG_LIBS_value=
ac_cv_env_SDL2_CFLAGS_set=
ac_cv_env_SDL2_CFLAGS_value=
ac_cv_env_SDL2_LIBS_set=
ac_cv_env_SDL2_LIBS_value=
ac_cv_env_SDL_CFLAGS_set=
ac_cv_env_SDL_CFLAGS_value=
ac_cv_env_SDL_LIBS_set=
ac_cv_env_SDL_LIBS_value=
ac_cv_env_XMKMF_set=
ac_cv_env_XMKMF_value=
ac_cv_env_build_alias_set=
ac_cv_env_build_alias_value=
ac_cv_env_host_alias_set=
ac_cv_env_host_alias_value=
ac_cv_env_target_alias_set=
ac_cv_env_target_alias_value=
ac_cv_func_IMG_LoadJPG_RW=yes
ac_cv_func_IMG_LoadPNG_RW=yes
ac_cv_have_x='have_x=yes	ac_x_includes='\'''\''	ac_x_libraries='\'''\'''
ac_cv_header_GL_gl_h=yes
ac_cv_header_GL_glu_h=yes
ac_cv_header_OpenGL_gl_h=no
ac_cv_header_OpenGL_glu_h=no
ac_cv_header_glm_glm_hpp=yes
ac_cv_header_inttypes_h=yes
ac_cv_header_memory_h=yes
ac_cv_header_stdc=yes
ac_cv_header_stdint_h=yes
ac_cv_header_stdlib_h=yes
ac_cv_header_string_h=yes
ac_cv_header_strings_h=yes
ac_cv_header_sys_stat_h=yes
ac_cv_header_sys_types_h=yes
ac_cv_header_unistd_h=yes
ac_cv_header_windows_h=no
ac_cv_host=x86_64-unknown-linux-gnu
ac_cv_objext=o
ac_cv_path_EGREP='/bin/grep -E'
ac_cv_path_GREP=/bin/grep
ac_cv_path_SED=/bin/sed
ac_cv_path_ac_pt_PKG_CONFIG=/usr/bin/pkg-config
ac_cv_path_install='/usr/bin/install -c'
ac_cv_prog_AWK=gawk
ac_cv_prog_CPP='gcc -E'
ac_cv_prog_CXXCPP='g++ -E'
ac_cv_prog_ac_ct_CC=gcc
ac_cv_prog_ac_ct_CXX=g++
ac_cv_prog_cc_c89=
ac_cv_prog_cc_g=yes
ac_cv_prog_cxx_g=yes
ac_cv_prog_make_make_set=yes
am_cv_CC_dependencies_compiler_type=gcc3
am_cv_CXX_dependencies_compiler_type=gcc3
ax_cv_c_compiler_ms=no
ax_cv_check_gl_libgl=-lGL
ax_cv_check_glu_libglu=-lGLU
ax_cv_varargs_glu_tesscb=no
pkg_cv_FT2_CFLAGS='-I/usr/include/freetype2  '
pkg_cv_FT2_LIBS='-lfreetype  '
pkg_cv_GLEW_CFLAGS='-I/usr/include/GL  '
pkg_cv_GLEW_LIBS='-lGLEW  '
pkg_cv_PCRE_CFLAGS=' '
pkg_cv_PCRE_LIBS='-lpcre  '
pkg_cv_PNG_CFLAGS='-I/usr/include/libpng12  '
pkg_cv_PNG_LIBS='-lpng12  '
pkg_cv_SDL2_CFLAGS='-D_REENTRANT -I/usr/include/SDL2  '
pkg_cv_SDL2_LIBS='-lSDL2_image -lSDL2  '

## ----------------- ##
## Output variables. ##
## ----------------- ##

ACLOCAL='${SHELL} /home/lieanu/ctf/bctf-final/Logstalgia/build-aux/missing --run aclocal-1.9'
AMDEPBACKSLASH='\'
AMDEP_FALSE='#'
AMDEP_TRUE=''
AMTAR='${SHELL} /home/lieanu/ctf/bctf-final/Logstalgia/build-aux/missing --run tar'
AUTOCONF='${SHELL} /home/lieanu/ctf/bctf-final/Logstalgia/build-aux/missing --run autoconf'
AUTOHEADER='${SHELL} /home/lieanu/ctf/bctf-final/Logstalgia/build-aux/missing --run autoheader'
AUTOMAKE='${SHELL} /home/lieanu/ctf/bctf-final/Logstalgia/build-aux/missing --run automake-1.9'
AWK='gawk'
BOOST_CPPFLAGS='-I/usr/include'
BOOST_LDFLAGS='-L/usr/lib64'
CC='gcc'
CCDEPMODE='depmode=gcc3'
CFLAGS='-g -O2'
CPP='gcc -E'
CPPFLAGS=' -pthread -pthread -I/usr/include/freetype2     -I/usr/include/GL   -D_REENTRANT -I/usr/include/SDL2    -I/usr/include/libpng12   -I/usr/include'
CXX='g++'
CXXCPP='g++ -E'
CXXDEPMODE='depmode=gcc3'
CXXFLAGS='-g -O2 -pthread -pthread'
CYGPATH_W='echo'
DEFS='-DPACKAGE_NAME=\"Logstalgia\" -DPACKAGE_TARNAME=\"logstalgia\" -DPACKAGE_VERSION=\"1.0.5\" -DPACKAGE_STRING=\"Logstalgia\ 1.0.5\" -DPACKAGE_BUGREPORT=\"acaudwell@gmail.com\" -DPACKAGE_URL=\"\" -DPACKAGE=\"logstalgia\" -DVERSION=\"1.0.5\" -DHAVE_PTHREAD=1 -DSTDC_HEADERS=1 -DHAVE_SYS_TYPES_H=1 -DHAVE_SYS_STAT_H=1 -DHAVE_STDLIB_H=1 -DHAVE_STRING_H=1 -DHAVE_MEMORY_H=1 -DHAVE_STRINGS_H=1 -DHAVE_INTTYPES_H=1 -DHAVE_STDINT_H=1 -DHAVE_UNISTD_H=1 -DHAVE_GL_GL_H=1 -DHAVE_GL_GLU_H=1 -DHAVE_IMG_LOADPNG_RW=1 -DHAVE_IMG_LOADJPG_RW=1 -DHAVE_BOOST=/\*\*/'
DEPDIR='.deps'
ECHO_C=''
ECHO_N='-n'
ECHO_T=''
EGREP='/bin/grep -E'
EXEEXT=''
FONTDIR_FALSE=''
FONTDIR_TRUE='#'
FT2_CFLAGS='-I/usr/include/freetype2  '
FT2_LIBS='-lfreetype  '
GLEW_CFLAGS='-I/usr/include/GL  '
GLEW_LIBS='-lGLEW  '
GLU_CFLAGS='-pthread'
GLU_LIBS='-lGLU'
GL_CFLAGS='-pthread'
GL_LIBS='-lGL '
GREP='/bin/grep'
INSTALL_DATA='${INSTALL} -m 644'
INSTALL_PROGRAM='${INSTALL}'
INSTALL_SCRIPT='${INSTALL}'
INSTALL_STRIP_PROGRAM='${SHELL} $(install_sh) -c -s'
LDFLAGS=''
LIBOBJS=''
LIBS=' -lGL  -lGLU -lfreetype   -lpcre   -lGLEW   -lSDL2_image -lSDL2    -lpng12  '
LTLIBOBJS=''
MAKEINFO='${SHELL} /home/lieanu/ctf/bctf-final/Logstalgia/build-aux/missing --run makeinfo'
OBJEXT='o'
PACKAGE='logstalgia'
PACKAGE_BUGREPORT='acaudwell@gmail.com'
PACKAGE_NAME='Logstalgia'
PACKAGE_STRING='Logstalgia 1.0.5'
PACKAGE_TARNAME='logstalgia'
PACKAGE_URL=''
PACKAGE_VERSION='1.0.5'
PATH_SEPARATOR=':'
PCRE_CFLAGS=' '
PCRE_LIBS='-lpcre  '
PKG_CONFIG='/usr/bin/pkg-config'
PNG_CFLAGS='-I/usr/include/libpng12  '
PNG_LIBS='-lpng12  '
PTHREAD_CC='gcc'
PTHREAD_CFLAGS='-pthread'
PTHREAD_LIBS=''
SDL2_CFLAGS='-D_REENTRANT -I/usr/include/SDL2  '
SDL2_LIBS='-lSDL2_image -lSDL2  '
SDL_CFLAGS=''
SDL_LIBS=''
SED='/bin/sed'
SET_MAKE=''
SHELL='/bin/bash'
STRIP=''
VERSION='1.0.5'
XMKMF=''
ac_ct_CC='gcc'
ac_ct_CXX='g++'
am__fastdepCC_FALSE='#'
am__fastdepCC_TRUE=''
am__fastdepCXX_FALSE='#'
am__fastdepCXX_TRUE=''
am__include='include'
am__leading_dot='.'
am__quote=''
am__tar='${AMTAR} chof - "$$tardir"'
am__untar='${AMTAR} xf -'
ax_pthread_config=''
bindir='${exec_prefix}/bin'
build='x86_64-unknown-linux-gnu'
build_alias=''
build_cpu='x86_64'
build_os='linux-gnu'
build_vendor='unknown'
datadir='${datarootdir}'
datarootdir='${prefix}/share'
docdir='${datarootdir}/doc/${PACKAGE_TARNAME}'
dvidir='${docdir}'
exec_prefix='${prefix}'
host='x86_64-unknown-linux-gnu'
host_alias=''
host_cpu='x86_64'
host_os='linux-gnu'
host_vendor='unknown'
htmldir='${docdir}'
includedir='${prefix}/include'
infodir='${datarootdir}/info'
install_sh='/home/lieanu/ctf/bctf-final/Logstalgia/build-aux/install-sh'
libdir='${exec_prefix}/lib'
libexecdir='${exec_prefix}/libexec'
localedir='${datarootdir}/locale'
localstatedir='${prefix}/var'
mandir='${datarootdir}/man'
mkdir_p='mkdir -p --'
oldincludedir='/usr/include'
pdfdir='${docdir}'
prefix='/usr/local'
program_transform_name='s,x,x,'
psdir='${docdir}'
sbindir='${exec_prefix}/sbin'
sdlappfontdir=''
sharedstatedir='${prefix}/com'
sysconfdir='${prefix}/etc'
target_alias=''

## ----------- ##
## confdefs.h. ##
## ----------- ##

/* confdefs.h */
#define PACKAGE_NAME "Logstalgia"
#define PACKAGE_TARNAME "logstalgia"
#define PACKAGE_VERSION "1.0.5"
#define PACKAGE_STRING "Logstalgia 1.0.5"
#define PACKAGE_BUGREPORT "acaudwell@gmail.com"
#define PACKAGE_URL ""
#define PACKAGE "logstalgia"
#define VERSION "1.0.5"
#define HAVE_PTHREAD 1
#define STDC_HEADERS 1
#define HAVE_SYS_TYPES_H 1
#define HAVE_SYS_STAT_H 1
#define HAVE_STDLIB_H 1
#define HAVE_STRING_H 1
#define HAVE_MEMORY_H 1
#define HAVE_STRINGS_H 1
#define HAVE_INTTYPES_H 1
#define HAVE_STDINT_H 1
#define HAVE_UNISTD_H 1
#define HAVE_GL_GL_H 1
#define HAVE_GL_GLU_H 1
#define HAVE_IMG_LOADPNG_RW 1
#define HAVE_IMG_LOADJPG_RW 1
#define HAVE_BOOST /**/

configure: exit 0
